<?xml version="1.0" encoding="UTF-8"?>
<testng-results skipped="0" failed="0" ignored="0" total="2" passed="2">
  <reporter-output>
  </reporter-output>
  <suite name="Suite" duration-ms="158" started-at="2019-02-22T06:53:03Z" finished-at="2019-02-22T06:53:03Z">
    <groups>
    </groups>
    <test name="Test" duration-ms="158" started-at="2019-02-22T06:53:03Z" finished-at="2019-02-22T06:53:03Z">
      <class name="com.testng.jenkins.HelloWorld">
        <test-method status="PASS" signature="test1()[pri:0, instance:com.testng.jenkins.HelloWorld@51081592]" name="test1" duration-ms="31" started-at="2019-02-22T12:23:03Z" finished-at="2019-02-22T12:23:03Z">
          <reporter-output>
          </reporter-output>
        </test-method> <!-- test1 -->
      </class> <!-- com.testng.jenkins.HelloWorld -->
      <class name="com.testng.jenkins.HelloWorld1">
        <test-method status="PASS" signature="test1()[pri:0, instance:com.testng.jenkins.HelloWorld1@62ee68d8]" name="test1" duration-ms="3" started-at="2019-02-22T12:23:03Z" finished-at="2019-02-22T12:23:03Z">
          <reporter-output>
          </reporter-output>
        </test-method> <!-- test1 -->
      </class> <!-- com.testng.jenkins.HelloWorld1 -->
    </test> <!-- Test -->
  </suite> <!-- Suite -->
</testng-results>
